This file contains any messages produced by compilers while
running configure, to aid debugging if configure makes a mistake.

It was created by smlaunch configure 0.1, which was
generated by GNU Autoconf 2.68.  Invocation command line was

  $ ./configure 

## --------- ##
## Platform. ##
## --------- ##

hostname = sergiu-pc
uname -m = x86_64
uname -r = 3.2.9-2.fc16.x86_64
uname -s = Linux
uname -v = #1 SMP Mon Mar 5 20:55:39 UTC 2012

/usr/bin/uname -p = unknown
/bin/uname -X     = unknown

/bin/arch              = x86_64
/usr/bin/arch -k       = unknown
/usr/convex/getsysinfo = unknown
/usr/bin/hostinfo      = unknown
/bin/machine           = unknown
/usr/bin/oslevel       = unknown
/bin/universe          = unknown

PATH: /usr/lib/jvm/java/bin
PATH: /usr/lib64/ccache
PATH: /usr/local/bin
PATH: /usr/bin
PATH: /bin
PATH: /usr/local/sbin
PATH: /usr/sbin
PATH: /sbin
PATH: /home/sergiu/.local/bin
PATH: /home/sergiu/bin
PATH: /opt/grails-1.2-M2/bin
PATH: /home/sergiu/java/apache-ant-1.8.1/bin
PATH: /home/sergiu/go/bin


## ----------- ##
## Core tests. ##
## ----------- ##

configure:2155: checking for a BSD-compatible install
configure:2223: result: /usr/bin/install -c
configure:2234: checking whether build environment is sane
configure:2284: result: yes
configure:2425: checking for a thread-safe mkdir -p
configure:2464: result: /bin/mkdir -p
configure:2477: checking for gawk
configure:2493: found /usr/bin/gawk
configure:2504: result: gawk
configure:2515: checking whether make sets $(MAKE)
configure:2537: result: yes
configure:2679: checking for gcc
configure:2695: found /usr/lib64/ccache/gcc
configure:2706: result: gcc
configure:2935: checking for C compiler version
configure:2944: gcc --version >&5
gcc (GCC) 4.6.2 20111027 (Red Hat 4.6.2-1)
Copyright (C) 2011 Free Software Foundation, Inc.
This is free software; see the source for copying conditions.  There is NO
warranty; not even for MERCHANTABILITY or FITNESS FOR A PARTICULAR PURPOSE.

configure:2955: $? = 0
configure:2944: gcc -v >&5
Using built-in specs.
COLLECT_GCC=/usr/bin/gcc
COLLECT_LTO_WRAPPER=/usr/libexec/gcc/x86_64-redhat-linux/4.6.2/lto-wrapper
Target: x86_64-redhat-linux
Configured with: ../configure --prefix=/usr --mandir=/usr/share/man --infodir=/usr/share/info --with-bugurl=http://bugzilla.redhat.com/bugzilla --enable-bootstrap --enable-shared --enable-threads=posix --enable-checking=release --with-system-zlib --enable-__cxa_atexit --disable-libunwind-exceptions --enable-gnu-unique-object --enable-linker-build-id --enable-languages=c,c++,objc,obj-c++,java,fortran,ada,go,lto --enable-plugin --enable-java-awt=gtk --disable-dssi --with-java-home=/usr/lib/jvm/java-1.5.0-gcj-1.5.0.0/jre --enable-libgcj-multifile --enable-java-maintainer-mode --with-ecj-jar=/usr/share/java/eclipse-ecj.jar --disable-libjava-multilib --with-ppl --with-cloog --with-tune=generic --with-arch_32=i686 --build=x86_64-redhat-linux
Thread model: posix
gcc version 4.6.2 20111027 (Red Hat 4.6.2-1) (GCC) 
configure:2955: $? = 0
configure:2944: gcc -V >&5
gcc: error: unrecognized option '-V'
gcc: fatal error: no input files
compilation terminated.
configure:2955: $? = 4
configure:2944: gcc -qversion >&5
gcc: error: unrecognized option '-qversion'
gcc: fatal error: no input files
compilation terminated.
configure:2955: $? = 4
configure:2975: checking whether the C compiler works
configure:2997: gcc    conftest.c  >&5
configure:3001: $? = 0
configure:3049: result: yes
configure:3052: checking for C compiler default output file name
configure:3054: result: a.out
configure:3060: checking for suffix of executables
configure:3067: gcc -o conftest    conftest.c  >&5
configure:3071: $? = 0
configure:3093: result: 
configure:3115: checking whether we are cross compiling
configure:3123: gcc -o conftest    conftest.c  >&5
configure:3127: $? = 0
configure:3134: ./conftest
configure:3138: $? = 0
configure:3153: result: no
configure:3158: checking for suffix of object files
configure:3180: gcc -c   conftest.c >&5
configure:3184: $? = 0
configure:3205: result: o
configure:3209: checking whether we are using the GNU C compiler
configure:3228: gcc -c   conftest.c >&5
configure:3228: $? = 0
configure:3237: result: yes
configure:3246: checking whether gcc accepts -g
configure:3266: gcc -c -g  conftest.c >&5
configure:3266: $? = 0
configure:3307: result: yes
configure:3324: checking for gcc option to accept ISO C89
configure:3388: gcc  -c -g -O2  conftest.c >&5
configure:3388: $? = 0
configure:3401: result: none needed
configure:3432: checking for style of include used by make
configure:3460: result: GNU
configure:3485: checking dependency style of gcc
configure:3595: result: gcc3
configure:3645: checking build system type
configure:3659: result: x86_64-unknown-linux-gnu
configure:3679: checking host system type
configure:3692: result: x86_64-unknown-linux-gnu
configure:3733: checking how to print strings
configure:3760: result: printf
configure:3781: checking for a sed that does not truncate output
configure:3845: result: /bin/sed
configure:3863: checking for grep that handles long lines and -e
configure:3921: result: /bin/grep
configure:3926: checking for egrep
configure:3988: result: /bin/grep -E
configure:3993: checking for fgrep
configure:4055: result: /bin/grep -F
configure:4090: checking for ld used by gcc
configure:4157: result: /usr/bin/ld
configure:4164: checking if the linker (/usr/bin/ld) is GNU ld
configure:4179: result: yes
configure:4191: checking for BSD- or MS-compatible name lister (nm)
configure:4240: result: /usr/bin/nm -B
configure:4370: checking the name lister (/usr/bin/nm -B) interface
configure:4377: gcc -c -g -O2  conftest.c >&5
configure:4380: /usr/bin/nm -B "conftest.o"
configure:4383: output
0000000000000000 B some_variable
configure:4390: result: BSD nm
configure:4393: checking whether ln -s works
configure:4397: result: yes
configure:4405: checking the maximum length of command line arguments
configure:4530: result: 1572864
configure:4547: checking whether the shell understands some XSI constructs
configure:4557: result: yes
configure:4561: checking whether the shell understands "+="
configure:4567: result: yes
configure:4602: checking how to convert x86_64-unknown-linux-gnu file names to x86_64-unknown-linux-gnu format
configure:4642: result: func_convert_file_noop
configure:4649: checking how to convert x86_64-unknown-linux-gnu file names to toolchain format
configure:4669: result: func_convert_file_noop
configure:4676: checking for /usr/bin/ld option to reload object files
configure:4683: result: -r
configure:4757: checking for objdump
configure:4773: found /usr/bin/objdump
configure:4784: result: objdump
configure:4816: checking how to recognize dependent libraries
configure:5018: result: pass_all
configure:5103: checking for dlltool
configure:5133: result: no
configure:5163: checking how to associate runtime and link libraries
configure:5190: result: printf %s\n
configure:5251: checking for ar
configure:5267: found /usr/bin/ar
configure:5278: result: ar
configure:5315: checking for archiver @FILE support
configure:5332: gcc -c -g -O2  conftest.c >&5
configure:5332: $? = 0
configure:5335: ar cru libconftest.a @conftest.lst >&5
configure:5338: $? = 0
configure:5343: ar cru libconftest.a @conftest.lst >&5
ar: conftest.o: No such file or directory
configure:5346: $? = 1
configure:5358: result: @
configure:5416: checking for strip
configure:5432: found /usr/bin/strip
configure:5443: result: strip
configure:5515: checking for ranlib
configure:5531: found /usr/bin/ranlib
configure:5542: result: ranlib
configure:5644: checking command to parse /usr/bin/nm -B output from gcc object
configure:5763: gcc -c -g -O2  conftest.c >&5
configure:5766: $? = 0
configure:5770: /usr/bin/nm -B conftest.o \| sed -n -e 's/^.*[ ]\([ABCDGIRSTW][ABCDGIRSTW]*\)[ ][ ]*\([_A-Za-z][_A-Za-z0-9]*\)$/\1 \2 \2/p' | sed '/ __gnu_lto/d' \> conftest.nm
configure:5773: $? = 0
configure:5839: gcc -o conftest -g -O2   conftest.c conftstm.o >&5
configure:5842: $? = 0
configure:5880: result: ok
configure:5917: checking for sysroot
configure:5947: result: no
configure:6024: gcc -c -g -O2  conftest.c >&5
configure:6027: $? = 0
configure:6190: checking for mt
configure:6220: result: no
configure:6240: checking if : is a manifest tool
configure:6246: : '-?'
configure:6254: result: no
configure:6886: checking how to run the C preprocessor
configure:6917: gcc -E  conftest.c
configure:6917: $? = 0
configure:6931: gcc -E  conftest.c
conftest.c:11:28: fatal error: ac_nonexistent.h: No such file or directory
compilation terminated.
configure:6931: $? = 1
configure: failed program was:
| /* confdefs.h */
| #define PACKAGE_NAME "smlaunch"
| #define PACKAGE_TARNAME "smlaunch"
| #define PACKAGE_VERSION "0.1"
| #define PACKAGE_STRING "smlaunch 0.1"
| #define PACKAGE_BUGREPORT ""
| #define PACKAGE_URL ""
| #define PACKAGE "smlaunch"
| #define VERSION "0.1"
| /* end confdefs.h.  */
| #include <ac_nonexistent.h>
configure:6956: result: gcc -E
configure:6976: gcc -E  conftest.c
configure:6976: $? = 0
configure:6990: gcc -E  conftest.c
conftest.c:11:28: fatal error: ac_nonexistent.h: No such file or directory
compilation terminated.
configure:6990: $? = 1
configure: failed program was:
| /* confdefs.h */
| #define PACKAGE_NAME "smlaunch"
| #define PACKAGE_TARNAME "smlaunch"
| #define PACKAGE_VERSION "0.1"
| #define PACKAGE_STRING "smlaunch 0.1"
| #define PACKAGE_BUGREPORT ""
| #define PACKAGE_URL ""
| #define PACKAGE "smlaunch"
| #define VERSION "0.1"
| /* end confdefs.h.  */
| #include <ac_nonexistent.h>
configure:7019: checking for ANSI C header files
configure:7039: gcc -c -g -O2  conftest.c >&5
configure:7039: $? = 0
configure:7112: gcc -o conftest -g -O2   conftest.c  >&5
configure:7112: $? = 0
configure:7112: ./conftest
configure:7112: $? = 0
configure:7123: result: yes
configure:7136: checking for sys/types.h
configure:7136: gcc -c -g -O2  conftest.c >&5
configure:7136: $? = 0
configure:7136: result: yes
configure:7136: checking for sys/stat.h
configure:7136: gcc -c -g -O2  conftest.c >&5
configure:7136: $? = 0
configure:7136: result: yes
configure:7136: checking for stdlib.h
configure:7136: gcc -c -g -O2  conftest.c >&5
configure:7136: $? = 0
configure:7136: result: yes
configure:7136: checking for string.h
configure:7136: gcc -c -g -O2  conftest.c >&5
configure:7136: $? = 0
configure:7136: result: yes
configure:7136: checking for memory.h
configure:7136: gcc -c -g -O2  conftest.c >&5
configure:7136: $? = 0
configure:7136: result: yes
configure:7136: checking for strings.h
configure:7136: gcc -c -g -O2  conftest.c >&5
configure:7136: $? = 0
configure:7136: result: yes
configure:7136: checking for inttypes.h
configure:7136: gcc -c -g -O2  conftest.c >&5
configure:7136: $? = 0
configure:7136: result: yes
configure:7136: checking for stdint.h
configure:7136: gcc -c -g -O2  conftest.c >&5
configure:7136: $? = 0
configure:7136: result: yes
configure:7136: checking for unistd.h
configure:7136: gcc -c -g -O2  conftest.c >&5
configure:7136: $? = 0
configure:7136: result: yes
configure:7150: checking for dlfcn.h
configure:7150: gcc -c -g -O2  conftest.c >&5
configure:7150: $? = 0
configure:7150: result: yes
configure:7337: checking for objdir
configure:7352: result: .libs
configure:7619: checking if gcc supports -fno-rtti -fno-exceptions
configure:7637: gcc -c -g -O2  -fno-rtti -fno-exceptions conftest.c >&5
cc1: warning: command line option '-fno-rtti' is valid for C++/ObjC++ but not for C [enabled by default]
cc1: warning: command line option '-fno-rtti' is valid for C++/ObjC++ but not for C [enabled by default]
configure:7641: $? = 0
configure:7654: result: no
configure:7964: checking for gcc option to produce PIC
configure:7971: result: -fPIC -DPIC
configure:7979: checking if gcc PIC flag -fPIC -DPIC works
configure:7997: gcc -c -g -O2  -fPIC -DPIC -DPIC conftest.c >&5
configure:8001: $? = 0
configure:8014: result: yes
configure:8043: checking if gcc static flag -static works
configure:8071: result: no
configure:8086: checking if gcc supports -c -o file.o
configure:8107: gcc -c -g -O2  -o out/conftest2.o conftest.c >&5
configure:8111: $? = 0
configure:8133: result: yes
configure:8141: checking if gcc supports -c -o file.o
configure:8188: result: yes
configure:8221: checking whether the gcc linker (/usr/bin/ld -m elf_x86_64) supports shared libraries
configure:9379: result: yes
configure:9416: checking whether -lc should be explicitly linked in
configure:9424: gcc -c -g -O2  conftest.c >&5
configure:9427: $? = 0
configure:9442: gcc -shared  -fPIC -DPIC conftest.o  -v -Wl,-soname -Wl,conftest -o conftest 2\>\&1 \| /bin/grep  -lc  \>/dev/null 2\>\&1
configure:9445: $? = 0
configure:9459: result: no
configure:9624: checking dynamic linker characteristics
configure:10138: gcc -o conftest -g -O2   -Wl,-rpath -Wl,/foo conftest.c  >&5
configure:10138: $? = 0
configure:10364: result: GNU/Linux ld.so
configure:10471: checking how to hardcode library paths into programs
configure:10496: result: immediate
configure:11036: checking whether stripping libraries is possible
configure:11041: result: yes
configure:11076: checking if libtool supports shared libraries
configure:11078: result: yes
configure:11081: checking whether to build shared libraries
configure:11102: result: yes
configure:11105: checking whether to build static libraries
configure:11109: result: yes
configure:11200: checking for pkg-config
configure:11218: found /usr/bin/pkg-config
configure:11230: result: /usr/bin/pkg-config
configure:11255: checking pkg-config is at least version 0.9.0
configure:11258: result: yes
configure:11268: checking for SMLAUNCH
configure:11275: $PKG_CONFIG --exists --print-errors "dbus-1 "
configure:11278: $? = 0
configure:11291: $PKG_CONFIG --exists --print-errors "dbus-1 "
configure:11294: $? = 0
configure:11353: result: yes
configure:11493: creating ./config.status

## ---------------------- ##
## Running config.status. ##
## ---------------------- ##

This file was extended by smlaunch config.status 0.1, which was
generated by GNU Autoconf 2.68.  Invocation command line was

  CONFIG_FILES    = 
  CONFIG_HEADERS  = 
  CONFIG_LINKS    = 
  CONFIG_COMMANDS = 
  $ ./config.status 

on sergiu-pc

config.status:1095: creating Makefile
config.status:1095: creating src/Makefile
config.status:1095: creating config.h
config.status:1324: executing depfiles commands
config.status:1324: executing libtool commands

## ---------------- ##
## Cache variables. ##
## ---------------- ##

ac_cv_build=x86_64-unknown-linux-gnu
ac_cv_c_compiler_gnu=yes
ac_cv_env_CC_set=
ac_cv_env_CC_value=
ac_cv_env_CFLAGS_set=
ac_cv_env_CFLAGS_value=
ac_cv_env_CPPFLAGS_set=
ac_cv_env_CPPFLAGS_value=
ac_cv_env_CPP_set=
ac_cv_env_CPP_value=
ac_cv_env_LDFLAGS_set=
ac_cv_env_LDFLAGS_value=
ac_cv_env_LIBS_set=
ac_cv_env_LIBS_value=
ac_cv_env_PKG_CONFIG_LIBDIR_set=
ac_cv_env_PKG_CONFIG_LIBDIR_value=
ac_cv_env_PKG_CONFIG_PATH_set=
ac_cv_env_PKG_CONFIG_PATH_value=
ac_cv_env_PKG_CONFIG_set=
ac_cv_env_PKG_CONFIG_value=
ac_cv_env_SMLAUNCH_CFLAGS_set=
ac_cv_env_SMLAUNCH_CFLAGS_value=
ac_cv_env_SMLAUNCH_LIBS_set=
ac_cv_env_SMLAUNCH_LIBS_value=
ac_cv_env_build_alias_set=
ac_cv_env_build_alias_value=
ac_cv_env_host_alias_set=
ac_cv_env_host_alias_value=
ac_cv_env_target_alias_set=
ac_cv_env_target_alias_value=
ac_cv_header_dlfcn_h=yes
ac_cv_header_inttypes_h=yes
ac_cv_header_memory_h=yes
ac_cv_header_stdc=yes
ac_cv_header_stdint_h=yes
ac_cv_header_stdlib_h=yes
ac_cv_header_string_h=yes
ac_cv_header_strings_h=yes
ac_cv_header_sys_stat_h=yes
ac_cv_header_sys_types_h=yes
ac_cv_header_unistd_h=yes
ac_cv_host=x86_64-unknown-linux-gnu
ac_cv_objext=o
ac_cv_path_EGREP='/bin/grep -E'
ac_cv_path_FGREP='/bin/grep -F'
ac_cv_path_GREP=/bin/grep
ac_cv_path_SED=/bin/sed
ac_cv_path_ac_pt_PKG_CONFIG=/usr/bin/pkg-config
ac_cv_path_install='/usr/bin/install -c'
ac_cv_path_mkdir=/bin/mkdir
ac_cv_prog_AWK=gawk
ac_cv_prog_CPP='gcc -E'
ac_cv_prog_ac_ct_AR=ar
ac_cv_prog_ac_ct_CC=gcc
ac_cv_prog_ac_ct_OBJDUMP=objdump
ac_cv_prog_ac_ct_RANLIB=ranlib
ac_cv_prog_ac_ct_STRIP=strip
ac_cv_prog_cc_c89=
ac_cv_prog_cc_g=yes
ac_cv_prog_make_make_set=yes
am_cv_CC_dependencies_compiler_type=gcc3
lt_cv_ar_at_file=@
lt_cv_archive_cmds_need_lc=no
lt_cv_deplibs_check_method=pass_all
lt_cv_file_magic_cmd='$MAGIC_CMD'
lt_cv_file_magic_test_file=
lt_cv_ld_reload_flag=-r
lt_cv_nm_interface='BSD nm'
lt_cv_objdir=.libs
lt_cv_path_LD=/usr/bin/ld
lt_cv_path_NM='/usr/bin/nm -B'
lt_cv_path_mainfest_tool=no
lt_cv_prog_compiler_c_o=yes
lt_cv_prog_compiler_pic='-fPIC -DPIC'
lt_cv_prog_compiler_pic_works=yes
lt_cv_prog_compiler_rtti_exceptions=no
lt_cv_prog_compiler_static_works=no
lt_cv_prog_gnu_ld=yes
lt_cv_sharedlib_from_linklib_cmd='printf %s\n'
lt_cv_shlibpath_overrides_runpath=no
lt_cv_sys_global_symbol_pipe='sed -n -e '\''s/^.*[	 ]\([ABCDGIRSTW][ABCDGIRSTW]*\)[	 ][	 ]*\([_A-Za-z][_A-Za-z0-9]*\)$/\1 \2 \2/p'\'' | sed '\''/ __gnu_lto/d'\'''
lt_cv_sys_global_symbol_to_c_name_address='sed -n -e '\''s/^: \([^ ]*\)[ ]*$/  {\"\1\", (void *) 0},/p'\'' -e '\''s/^[ABCDGIRSTW]* \([^ ]*\) \([^ ]*\)$/  {"\2", (void *) \&\2},/p'\'''
lt_cv_sys_global_symbol_to_c_name_address_lib_prefix='sed -n -e '\''s/^: \([^ ]*\)[ ]*$/  {\"\1\", (void *) 0},/p'\'' -e '\''s/^[ABCDGIRSTW]* \([^ ]*\) \(lib[^ ]*\)$/  {"\2", (void *) \&\2},/p'\'' -e '\''s/^[ABCDGIRSTW]* \([^ ]*\) \([^ ]*\)$/  {"lib\2", (void *) \&\2},/p'\'''
lt_cv_sys_global_symbol_to_cdecl='sed -n -e '\''s/^T .* \(.*\)$/extern int \1();/p'\'' -e '\''s/^[ABCDGIRSTW]* .* \(.*\)$/extern char \1;/p'\'''
lt_cv_sys_max_cmd_len=1572864
lt_cv_to_host_file_cmd=func_convert_file_noop
lt_cv_to_tool_file_cmd=func_convert_file_noop
pkg_cv_SMLAUNCH_CFLAGS='-I/usr/include/dbus-1.0 -I/usr/lib64/dbus-1.0/include  '
pkg_cv_SMLAUNCH_LIBS='-L/lib64 -ldbus-1 -lpthread -lrt  '

## ----------------- ##
## Output variables. ##
## ----------------- ##

ACLOCAL='${SHELL} /home/sergiu/projects/smlaunch/missing --run aclocal-1.11'
AMDEPBACKSLASH='\'
AMDEP_FALSE='#'
AMDEP_TRUE=''
AMTAR='${SHELL} /home/sergiu/projects/smlaunch/missing --run tar'
AM_BACKSLASH='\'
AM_DEFAULT_VERBOSITY='0'
AR='ar'
AUTOCONF='${SHELL} /home/sergiu/projects/smlaunch/missing --run autoconf'
AUTOHEADER='${SHELL} /home/sergiu/projects/smlaunch/missing --run autoheader'
AUTOMAKE='${SHELL} /home/sergiu/projects/smlaunch/missing --run automake-1.11'
AWK='gawk'
CC='gcc'
CCDEPMODE='depmode=gcc3'
CFLAGS='-g -O2'
CPP='gcc -E'
CPPFLAGS=''
CYGPATH_W='echo'
DEFS='-DHAVE_CONFIG_H'
DEPDIR='.deps'
DLLTOOL='false'
DSYMUTIL=''
DUMPBIN=''
ECHO_C=''
ECHO_N='-n'
ECHO_T=''
EGREP='/bin/grep -E'
EXEEXT=''
FGREP='/bin/grep -F'
GREP='/bin/grep'
INSTALL_DATA='${INSTALL} -m 644'
INSTALL_PROGRAM='${INSTALL}'
INSTALL_SCRIPT='${INSTALL}'
INSTALL_STRIP_PROGRAM='$(install_sh) -c -s'
LD='/usr/bin/ld -m elf_x86_64'
LDFLAGS=''
LIBOBJS=''
LIBS=''
LIBTOOL='$(SHELL) $(top_builddir)/libtool'
LIPO=''
LN_S='ln -s'
LTLIBOBJS=''
MAKEINFO='${SHELL} /home/sergiu/projects/smlaunch/missing --run makeinfo'
MANIFEST_TOOL=':'
MKDIR_P='/bin/mkdir -p'
NM='/usr/bin/nm -B'
NMEDIT=''
OBJDUMP='objdump'
OBJEXT='o'
OTOOL64=''
OTOOL=''
PACKAGE='smlaunch'
PACKAGE_BUGREPORT=''
PACKAGE_NAME='smlaunch'
PACKAGE_STRING='smlaunch 0.1'
PACKAGE_TARNAME='smlaunch'
PACKAGE_URL=''
PACKAGE_VERSION='0.1'
PATH_SEPARATOR=':'
PKG_CONFIG='/usr/bin/pkg-config'
PKG_CONFIG_LIBDIR=''
PKG_CONFIG_PATH=''
RANLIB='ranlib'
SED='/bin/sed'
SET_MAKE=''
SHELL='/bin/sh'
SMLAUNCH_CFLAGS='-I/usr/include/dbus-1.0 -I/usr/lib64/dbus-1.0/include  '
SMLAUNCH_LIBS='-L/lib64 -ldbus-1 -lpthread -lrt  '
STRIP='strip'
VERSION='0.1'
ac_ct_AR='ar'
ac_ct_CC='gcc'
ac_ct_DUMPBIN=''
am__EXEEXT_FALSE=''
am__EXEEXT_TRUE='#'
am__fastdepCC_FALSE='#'
am__fastdepCC_TRUE=''
am__include='include'
am__isrc=''
am__leading_dot='.'
am__quote=''
am__tar='${AMTAR} chof - "$$tardir"'
am__untar='${AMTAR} xf -'
bindir='${exec_prefix}/bin'
build='x86_64-unknown-linux-gnu'
build_alias=''
build_cpu='x86_64'
build_os='linux-gnu'
build_vendor='unknown'
datadir='${datarootdir}'
datarootdir='${prefix}/share'
docdir='${datarootdir}/doc/${PACKAGE_TARNAME}'
dvidir='${docdir}'
exec_prefix='${prefix}'
host='x86_64-unknown-linux-gnu'
host_alias=''
host_cpu='x86_64'
host_os='linux-gnu'
host_vendor='unknown'
htmldir='${docdir}'
includedir='${prefix}/include'
infodir='${datarootdir}/info'
install_sh='${SHELL} /home/sergiu/projects/smlaunch/install-sh'
libdir='${exec_prefix}/lib'
libexecdir='${exec_prefix}/libexec'
localedir='${datarootdir}/locale'
localstatedir='${prefix}/var'
mandir='${datarootdir}/man'
mkdir_p='/bin/mkdir -p'
oldincludedir='/usr/include'
pdfdir='${docdir}'
prefix='/usr/local'
program_transform_name='s,x,x,'
psdir='${docdir}'
sbindir='${exec_prefix}/sbin'
sharedstatedir='${prefix}/com'
sysconfdir='${prefix}/etc'
target_alias=''

## ----------- ##
## confdefs.h. ##
## ----------- ##

/* confdefs.h */
#define PACKAGE_NAME "smlaunch"
#define PACKAGE_TARNAME "smlaunch"
#define PACKAGE_VERSION "0.1"
#define PACKAGE_STRING "smlaunch 0.1"
#define PACKAGE_BUGREPORT ""
#define PACKAGE_URL ""
#define PACKAGE "smlaunch"
#define VERSION "0.1"
#define STDC_HEADERS 1
#define HAVE_SYS_TYPES_H 1
#define HAVE_SYS_STAT_H 1
#define HAVE_STDLIB_H 1
#define HAVE_STRING_H 1
#define HAVE_MEMORY_H 1
#define HAVE_STRINGS_H 1
#define HAVE_INTTYPES_H 1
#define HAVE_STDINT_H 1
#define HAVE_UNISTD_H 1
#define HAVE_DLFCN_H 1
#define LT_OBJDIR ".libs/"

configure: exit 0
